[2018-10-08 21:30:56.278] [exthost1] [info] extension host started
[2018-10-08 21:30:56.416] [exthost1] [info] ExtensionService#_doActivateExtension vscode.debug-auto-launch {"startup":true,"activationEvent":"*"}
[2018-10-08 21:30:56.416] [exthost1] [info] ExtensionService#loadCommonJSModule c:\Users\Jijo\.codemix\engine\resources\app\extensions\debug-auto-launch\out\extension
[2018-10-08 21:30:56.544] [exthost1] [info] ExtensionService#_doActivateExtension vscode.emmet {"startup":true,"activationEvent":"*"}
[2018-10-08 21:30:56.544] [exthost1] [info] ExtensionService#loadCommonJSModule c:\Users\Jijo\.codemix\engine\resources\app\extensions\emmet\dist\extension
[2018-10-08 21:30:56.877] [exthost1] [info] ExtensionService#_doActivateExtension vscode.merge-conflict {"startup":true,"activationEvent":"*"}
[2018-10-08 21:30:56.877] [exthost1] [info] ExtensionService#loadCommonJSModule c:\Users\Jijo\.codemix\engine\resources\app\extensions\merge-conflict\out\extension
[2018-10-08 21:30:57.316] [exthost1] [info] ExtensionService#_doActivateExtension vscode.search-rg {"startup":true,"activationEvent":"*"}
[2018-10-08 21:30:57.316] [exthost1] [info] ExtensionService#loadCommonJSModule c:\Users\Jijo\.codemix\engine\resources\app\extensions\search-rg\out\extension
[2018-10-08 21:30:57.633] [exthost1] [info] ExtensionService#_doActivateExtension eamodio.gitlens {"startup":true,"activationEvent":"*"}
[2018-10-08 21:30:57.633] [exthost1] [info] ExtensionService#loadCommonJSModule C:\Users\Jijo\.vscode\extensions\eamodio.gitlens-8.4.1\out\extension
[2018-10-08 21:30:59.355] [exthost1] [info] eager extensions activated
[2018-10-08 21:31:03.167] [exthost1] [info] extension host started
[2018-10-08 21:31:03.385] [exthost1] [info] extension host started
[2018-10-08 21:31:03.494] [exthost1] [info] ExtensionService#_doActivateExtension vscode.debug-auto-launch {"startup":true,"activationEvent":"*"}
[2018-10-08 21:31:03.495] [exthost1] [info] ExtensionService#loadCommonJSModule c:\Users\Jijo\.codemix\engine\resources\app\extensions\debug-auto-launch\out\extension
[2018-10-08 21:31:03.529] [exthost1] [info] ExtensionService#_doActivateExtension vscode.emmet {"startup":true,"activationEvent":"*"}
[2018-10-08 21:31:03.529] [exthost1] [info] ExtensionService#loadCommonJSModule c:\Users\Jijo\.codemix\engine\resources\app\extensions\emmet\dist\extension
[2018-10-08 21:31:03.709] [exthost1] [info] ExtensionService#_doActivateExtension vscode.merge-conflict {"startup":true,"activationEvent":"*"}
[2018-10-08 21:31:03.710] [exthost1] [info] ExtensionService#loadCommonJSModule c:\Users\Jijo\.codemix\engine\resources\app\extensions\merge-conflict\out\extension
[2018-10-08 21:31:03.783] [exthost1] [info] ExtensionService#_doActivateExtension vscode.search-rg {"startup":true,"activationEvent":"*"}
[2018-10-08 21:31:03.783] [exthost1] [info] ExtensionService#loadCommonJSModule c:\Users\Jijo\.codemix\engine\resources\app\extensions\search-rg\out\extension
[2018-10-08 21:31:03.819] [exthost1] [info] ExtensionService#_doActivateExtension eamodio.gitlens {"startup":true,"activationEvent":"*"}
[2018-10-08 21:31:03.819] [exthost1] [info] ExtensionService#loadCommonJSModule C:\Users\Jijo\.vscode\extensions\eamodio.gitlens-8.4.1\out\extension
[2018-10-08 21:31:04.738] [exthost1] [info] eager extensions activated
[2018-10-08 21:31:04.738] [exthost1] [info] ExtensionService#_doActivateExtension vscode.configuration-editing {"startup":false,"activationEvent":"onLanguage:jsonc"}
[2018-10-08 21:31:04.738] [exthost1] [info] ExtensionService#loadCommonJSModule c:\Users\Jijo\.codemix\engine\resources\app\extensions\configuration-editing\out\extension
[2018-10-08 21:31:04.780] [exthost1] [info] ExtensionService#_doActivateExtension vscode.json-language-features {"startup":false,"activationEvent":"onLanguage:jsonc"}
[2018-10-08 21:31:04.780] [exthost1] [info] ExtensionService#loadCommonJSModule c:\Users\Jijo\.codemix\engine\resources\app\extensions\json-language-features\client\dist\jsonMain
[2018-10-08 21:31:05.350] [exthost1] [info] ExtensionService#_doActivateExtension vscode.typescript-language-features {"startup":false,"activationEvent":"onLanguage:jsonc"}
[2018-10-08 21:31:05.350] [exthost1] [info] ExtensionService#loadCommonJSModule c:\Users\Jijo\.codemix\engine\resources\app\extensions\typescript-language-features\dist\extension
[2018-10-08 21:31:05.698] [exthost1] [info] ExtensionService#_doActivateExtension vscode.grunt {"startup":false,"activationEvent":"onCommand:workbench.action.tasks.runTask"}
[2018-10-08 21:31:05.698] [exthost1] [info] ExtensionService#loadCommonJSModule c:\Users\Jijo\.codemix\engine\resources\app\extensions\grunt\out\main
[2018-10-08 21:31:05.711] [exthost1] [info] ExtensionService#_doActivateExtension vscode.gulp {"startup":false,"activationEvent":"onCommand:workbench.action.tasks.runTask"}
[2018-10-08 21:31:05.711] [exthost1] [info] ExtensionService#loadCommonJSModule c:\Users\Jijo\.codemix\engine\resources\app\extensions\gulp\out\main
[2018-10-08 21:31:05.725] [exthost1] [info] ExtensionService#_doActivateExtension vscode.jake {"startup":false,"activationEvent":"onCommand:workbench.action.tasks.runTask"}
[2018-10-08 21:31:05.725] [exthost1] [info] ExtensionService#loadCommonJSModule c:\Users\Jijo\.codemix\engine\resources\app\extensions\jake\out\main
[2018-10-08 21:31:05.740] [exthost1] [info] ExtensionService#_doActivateExtension vscode.npm {"startup":false,"activationEvent":"onCommand:workbench.action.tasks.runTask"}
[2018-10-08 21:31:05.740] [exthost1] [info] ExtensionService#loadCommonJSModule c:\Users\Jijo\.codemix\engine\resources\app\extensions\npm\out\main
[2018-10-08 21:31:07.358] [exthost1] [info] ExtensionService#_doActivateExtension vscode.html-language-features {"startup":false,"activationEvent":"onLanguage:html"}
[2018-10-08 21:31:07.359] [exthost1] [info] ExtensionService#loadCommonJSModule c:\Users\Jijo\.codemix\engine\resources\app\extensions\html-language-features\client\dist\htmlMain
[2018-10-08 21:34:03.899] [exthost1] [info] extension host started
[2018-10-08 21:34:03.936] [exthost1] [info] ExtensionService#_doActivateExtension vscode.debug-auto-launch {"startup":true,"activationEvent":"*"}
[2018-10-08 21:34:03.936] [exthost1] [info] ExtensionService#loadCommonJSModule c:\Users\Jijo\.codemix\engine\resources\app\extensions\debug-auto-launch\out\extension
[2018-10-08 21:34:03.947] [exthost1] [info] ExtensionService#_doActivateExtension vscode.emmet {"startup":true,"activationEvent":"*"}
[2018-10-08 21:34:03.947] [exthost1] [info] ExtensionService#loadCommonJSModule c:\Users\Jijo\.codemix\engine\resources\app\extensions\emmet\dist\extension
[2018-10-08 21:34:04.000] [exthost1] [info] ExtensionService#_doActivateExtension vscode.merge-conflict {"startup":true,"activationEvent":"*"}
[2018-10-08 21:34:04.000] [exthost1] [info] ExtensionService#loadCommonJSModule c:\Users\Jijo\.codemix\engine\resources\app\extensions\merge-conflict\out\extension
[2018-10-08 21:34:04.021] [exthost1] [info] ExtensionService#_doActivateExtension vscode.search-rg {"startup":true,"activationEvent":"*"}
[2018-10-08 21:34:04.021] [exthost1] [info] ExtensionService#loadCommonJSModule c:\Users\Jijo\.codemix\engine\resources\app\extensions\search-rg\out\extension
[2018-10-08 21:34:04.034] [exthost1] [info] ExtensionService#_doActivateExtension eamodio.gitlens {"startup":true,"activationEvent":"*"}
[2018-10-08 21:34:04.034] [exthost1] [info] ExtensionService#loadCommonJSModule C:\Users\Jijo\.vscode\extensions\eamodio.gitlens-8.4.1\out\extension
[2018-10-08 21:34:04.298] [exthost1] [info] eager extensions activated
[2018-10-08 21:34:04.299] [exthost1] [info] ExtensionService#_doActivateExtension vscode.configuration-editing {"startup":false,"activationEvent":"onLanguage:jsonc"}
[2018-10-08 21:34:04.299] [exthost1] [info] ExtensionService#loadCommonJSModule c:\Users\Jijo\.codemix\engine\resources\app\extensions\configuration-editing\out\extension
[2018-10-08 21:34:04.318] [exthost1] [info] ExtensionService#_doActivateExtension vscode.json-language-features {"startup":false,"activationEvent":"onLanguage:jsonc"}
[2018-10-08 21:34:04.318] [exthost1] [info] ExtensionService#loadCommonJSModule c:\Users\Jijo\.codemix\engine\resources\app\extensions\json-language-features\client\dist\jsonMain
[2018-10-08 21:34:04.497] [exthost1] [info] ExtensionService#_doActivateExtension vscode.typescript-language-features {"startup":false,"activationEvent":"onLanguage:jsonc"}
[2018-10-08 21:34:04.497] [exthost1] [info] ExtensionService#loadCommonJSModule c:\Users\Jijo\.codemix\engine\resources\app\extensions\typescript-language-features\dist\extension
[2018-10-08 21:34:04.650] [exthost1] [info] ExtensionService#_doActivateExtension vscode.grunt {"startup":false,"activationEvent":"onCommand:workbench.action.tasks.runTask"}
[2018-10-08 21:34:04.650] [exthost1] [info] ExtensionService#loadCommonJSModule c:\Users\Jijo\.codemix\engine\resources\app\extensions\grunt\out\main
[2018-10-08 21:34:04.657] [exthost1] [info] ExtensionService#_doActivateExtension vscode.gulp {"startup":false,"activationEvent":"onCommand:workbench.action.tasks.runTask"}
[2018-10-08 21:34:04.657] [exthost1] [info] ExtensionService#loadCommonJSModule c:\Users\Jijo\.codemix\engine\resources\app\extensions\gulp\out\main
[2018-10-08 21:34:04.663] [exthost1] [info] ExtensionService#_doActivateExtension vscode.jake {"startup":false,"activationEvent":"onCommand:workbench.action.tasks.runTask"}
[2018-10-08 21:34:04.663] [exthost1] [info] ExtensionService#loadCommonJSModule c:\Users\Jijo\.codemix\engine\resources\app\extensions\jake\out\main
[2018-10-08 21:34:04.670] [exthost1] [info] ExtensionService#_doActivateExtension vscode.npm {"startup":false,"activationEvent":"onCommand:workbench.action.tasks.runTask"}
[2018-10-08 21:34:04.670] [exthost1] [info] ExtensionService#loadCommonJSModule c:\Users\Jijo\.codemix\engine\resources\app\extensions\npm\out\main
[2018-10-08 21:34:04.739] [exthost1] [info] ExtensionService#_doActivateExtension vscode.html-language-features {"startup":false,"activationEvent":"onLanguage:html"}
[2018-10-08 21:34:04.739] [exthost1] [info] ExtensionService#loadCommonJSModule c:\Users\Jijo\.codemix\engine\resources\app\extensions\html-language-features\client\dist\htmlMain
