[2018-09-30 18:45:31.020] [exthost1] [info] extension host started
[2018-09-30 18:45:32.051] [exthost1] [info] extension host started
[2018-09-30 18:45:32.142] [exthost1] [info] ExtensionService#_doActivateExtension vscode.debug-auto-launch {"startup":true,"activationEvent":"*"}
[2018-09-30 18:45:32.142] [exthost1] [info] ExtensionService#loadCommonJSModule c:\Users\Jijo\.codemix\engine\resources\app\extensions\debug-auto-launch\out\extension
[2018-09-30 18:45:32.169] [exthost1] [info] ExtensionService#_doActivateExtension vscode.emmet {"startup":true,"activationEvent":"*"}
[2018-09-30 18:45:32.169] [exthost1] [info] ExtensionService#loadCommonJSModule c:\Users\Jijo\.codemix\engine\resources\app\extensions\emmet\dist\extension
[2018-09-30 18:45:32.296] [exthost1] [info] ExtensionService#_doActivateExtension vscode.merge-conflict {"startup":true,"activationEvent":"*"}
[2018-09-30 18:45:32.296] [exthost1] [info] ExtensionService#loadCommonJSModule c:\Users\Jijo\.codemix\engine\resources\app\extensions\merge-conflict\out\extension
[2018-09-30 18:45:32.344] [exthost1] [info] ExtensionService#_doActivateExtension vscode.search-rg {"startup":true,"activationEvent":"*"}
[2018-09-30 18:45:32.344] [exthost1] [info] ExtensionService#loadCommonJSModule c:\Users\Jijo\.codemix\engine\resources\app\extensions\search-rg\out\extension
[2018-09-30 18:45:32.373] [exthost1] [info] ExtensionService#_doActivateExtension devine-davies.make-hidden {"startup":true,"activationEvent":"*"}
[2018-09-30 18:45:32.373] [exthost1] [info] ExtensionService#loadCommonJSModule C:\Users\Jijo\.vscode\extensions\devine-davies.make-hidden-2.3.3\out\src\extension
[2018-09-30 18:45:32.408] [exthost1] [info] eager extensions activated
[2018-09-30 18:45:32.408] [exthost1] [info] ExtensionService#_doActivateExtension vscode.configuration-editing {"startup":false,"activationEvent":"onLanguage:jsonc"}
[2018-09-30 18:45:32.408] [exthost1] [info] ExtensionService#loadCommonJSModule c:\Users\Jijo\.codemix\engine\resources\app\extensions\configuration-editing\out\extension
[2018-09-30 18:45:32.440] [exthost1] [info] ExtensionService#_doActivateExtension vscode.json-language-features {"startup":false,"activationEvent":"onLanguage:jsonc"}
[2018-09-30 18:45:32.440] [exthost1] [info] ExtensionService#loadCommonJSModule c:\Users\Jijo\.codemix\engine\resources\app\extensions\json-language-features\client\dist\jsonMain
[2018-09-30 18:45:32.802] [exthost1] [info] ExtensionService#_doActivateExtension vscode.typescript-language-features {"startup":false,"activationEvent":"onLanguage:jsonc"}
[2018-09-30 18:45:32.802] [exthost1] [info] ExtensionService#loadCommonJSModule c:\Users\Jijo\.codemix\engine\resources\app\extensions\typescript-language-features\dist\extension
[2018-09-30 18:45:33.256] [exthost1] [info] ExtensionService#_doActivateExtension vscode.grunt {"startup":false,"activationEvent":"onCommand:workbench.action.tasks.runTask"}
[2018-09-30 18:45:33.256] [exthost1] [info] ExtensionService#loadCommonJSModule c:\Users\Jijo\.codemix\engine\resources\app\extensions\grunt\out\main
[2018-09-30 18:45:33.281] [exthost1] [info] ExtensionService#_doActivateExtension vscode.gulp {"startup":false,"activationEvent":"onCommand:workbench.action.tasks.runTask"}
[2018-09-30 18:45:33.281] [exthost1] [info] ExtensionService#loadCommonJSModule c:\Users\Jijo\.codemix\engine\resources\app\extensions\gulp\out\main
[2018-09-30 18:45:33.305] [exthost1] [info] ExtensionService#_doActivateExtension vscode.jake {"startup":false,"activationEvent":"onCommand:workbench.action.tasks.runTask"}
[2018-09-30 18:45:33.305] [exthost1] [info] ExtensionService#loadCommonJSModule c:\Users\Jijo\.codemix\engine\resources\app\extensions\jake\out\main
[2018-09-30 18:45:33.329] [exthost1] [info] ExtensionService#_doActivateExtension vscode.npm {"startup":false,"activationEvent":"onCommand:workbench.action.tasks.runTask"}
[2018-09-30 18:45:33.329] [exthost1] [info] ExtensionService#loadCommonJSModule c:\Users\Jijo\.codemix\engine\resources\app\extensions\npm\out\main
[2018-09-30 18:47:03.043] [exthost1] [info] extension host started
[2018-09-30 18:47:04.148] [exthost1] [info] extension host started
[2018-09-30 18:47:04.246] [exthost1] [info] ExtensionService#_doActivateExtension vscode.debug-auto-launch {"startup":true,"activationEvent":"*"}
[2018-09-30 18:47:04.247] [exthost1] [info] ExtensionService#loadCommonJSModule c:\Users\Jijo\.codemix\engine\resources\app\extensions\debug-auto-launch\out\extension
[2018-09-30 18:47:04.276] [exthost1] [info] ExtensionService#_doActivateExtension vscode.emmet {"startup":true,"activationEvent":"*"}
[2018-09-30 18:47:04.276] [exthost1] [info] ExtensionService#loadCommonJSModule c:\Users\Jijo\.codemix\engine\resources\app\extensions\emmet\dist\extension
[2018-09-30 18:47:04.426] [exthost1] [info] ExtensionService#_doActivateExtension vscode.merge-conflict {"startup":true,"activationEvent":"*"}
[2018-09-30 18:47:04.426] [exthost1] [info] ExtensionService#loadCommonJSModule c:\Users\Jijo\.codemix\engine\resources\app\extensions\merge-conflict\out\extension
[2018-09-30 18:47:04.487] [exthost1] [info] ExtensionService#_doActivateExtension vscode.search-rg {"startup":true,"activationEvent":"*"}
[2018-09-30 18:47:04.488] [exthost1] [info] ExtensionService#loadCommonJSModule c:\Users\Jijo\.codemix\engine\resources\app\extensions\search-rg\out\extension
[2018-09-30 18:47:04.511] [exthost1] [info] ExtensionService#_doActivateExtension christian-kohler.path-intellisense {"startup":true,"activationEvent":"*"}
[2018-09-30 18:47:04.511] [exthost1] [info] ExtensionService#loadCommonJSModule C:\Users\Jijo\.vscode\extensions\christian-kohler.path-intellisense-1.4.2\out\src\extension
[2018-09-30 18:47:04.580] [exthost1] [info] ExtensionService#_doActivateExtension dbaeumer.vscode-eslint {"startup":true,"activationEvent":"*"}
[2018-09-30 18:47:04.580] [exthost1] [info] ExtensionService#loadCommonJSModule C:\Users\Jijo\.vscode\extensions\dbaeumer.vscode-eslint-1.4.10\client\out\extension
[2018-09-30 18:47:04.812] [exthost1] [info] ExtensionService#_doActivateExtension devine-davies.make-hidden {"startup":true,"activationEvent":"*"}
[2018-09-30 18:47:04.812] [exthost1] [info] ExtensionService#loadCommonJSModule C:\Users\Jijo\.vscode\extensions\devine-davies.make-hidden-2.3.3\out\src\extension
[2018-09-30 18:47:04.865] [exthost1] [info] ExtensionService#_doActivateExtension formulahendry.auto-close-tag {"startup":true,"activationEvent":"*"}
[2018-09-30 18:47:04.865] [exthost1] [info] ExtensionService#loadCommonJSModule C:\Users\Jijo\.vscode\extensions\formulahendry.auto-close-tag-0.5.6\out\src\extension
[2018-09-30 18:47:04.869] [exthost1] [info] ExtensionService#_doActivateExtension HookyQR.beautify {"startup":true,"activationEvent":"*"}
[2018-09-30 18:47:04.869] [exthost1] [info] ExtensionService#loadCommonJSModule C:\Users\Jijo\.vscode\extensions\hookyqr.beautify-1.3.0\extension
[2018-09-30 18:47:05.038] [exthost1] [info] ExtensionService#_doActivateExtension Zignd.html-css-class-completion {"startup":true,"activationEvent":"*"}
[2018-09-30 18:47:05.038] [exthost1] [info] ExtensionService#loadCommonJSModule C:\Users\Jijo\.vscode\extensions\zignd.html-css-class-completion-1.17.1\out\src\extension
[2018-09-30 18:47:07.642] [exthost1] [info] eager extensions activated
[2018-09-30 18:47:07.643] [exthost1] [info] ExtensionService#_doActivateExtension vscode.configuration-editing {"startup":false,"activationEvent":"onLanguage:jsonc"}
[2018-09-30 18:47:07.643] [exthost1] [info] ExtensionService#loadCommonJSModule c:\Users\Jijo\.codemix\engine\resources\app\extensions\configuration-editing\out\extension
[2018-09-30 18:47:07.695] [exthost1] [info] ExtensionService#_doActivateExtension vscode.json-language-features {"startup":false,"activationEvent":"onLanguage:jsonc"}
[2018-09-30 18:47:07.695] [exthost1] [info] ExtensionService#loadCommonJSModule c:\Users\Jijo\.codemix\engine\resources\app\extensions\json-language-features\client\dist\jsonMain
[2018-09-30 18:47:08.034] [exthost1] [info] ExtensionService#_doActivateExtension vscode.typescript-language-features {"startup":false,"activationEvent":"onLanguage:jsonc"}
[2018-09-30 18:47:08.035] [exthost1] [info] ExtensionService#loadCommonJSModule c:\Users\Jijo\.codemix\engine\resources\app\extensions\typescript-language-features\dist\extension
[2018-09-30 18:47:08.339] [exthost1] [info] ExtensionService#_doActivateExtension vscode.grunt {"startup":false,"activationEvent":"onCommand:workbench.action.tasks.runTask"}
[2018-09-30 18:47:08.339] [exthost1] [info] ExtensionService#loadCommonJSModule c:\Users\Jijo\.codemix\engine\resources\app\extensions\grunt\out\main
[2018-09-30 18:47:08.353] [exthost1] [info] ExtensionService#_doActivateExtension vscode.gulp {"startup":false,"activationEvent":"onCommand:workbench.action.tasks.runTask"}
[2018-09-30 18:47:08.353] [exthost1] [info] ExtensionService#loadCommonJSModule c:\Users\Jijo\.codemix\engine\resources\app\extensions\gulp\out\main
[2018-09-30 18:47:08.368] [exthost1] [info] ExtensionService#_doActivateExtension vscode.jake {"startup":false,"activationEvent":"onCommand:workbench.action.tasks.runTask"}
[2018-09-30 18:47:08.368] [exthost1] [info] ExtensionService#loadCommonJSModule c:\Users\Jijo\.codemix\engine\resources\app\extensions\jake\out\main
[2018-09-30 18:47:08.382] [exthost1] [info] ExtensionService#_doActivateExtension vscode.npm {"startup":false,"activationEvent":"onCommand:workbench.action.tasks.runTask"}
[2018-09-30 18:47:08.382] [exthost1] [info] ExtensionService#loadCommonJSModule c:\Users\Jijo\.codemix\engine\resources\app\extensions\npm\out\main
